nohup: ignoring input
[I 20:21:38.249 NotebookApp] The port 8888 is already in use, trying another port.
[I 20:21:38.289 NotebookApp] [jupyter_nbextensions_configurator] enabled 0.4.0
[I 20:21:38.289 NotebookApp] Serving notebooks from local directory: /home/ubuntu/gitRepo/sharePredict
[I 20:21:38.289 NotebookApp] The Jupyter Notebook is running at:
[I 20:21:38.289 NotebookApp] http://(ip-172-31-0-198 or 127.0.0.1):8889/?token=ad76dc30dea9a9d5a63adea79aad486da8d1fe7c46ea8934
[I 20:21:38.289 NotebookApp] Use Control-C to stop this server and shut down all kernels (twice to skip confirmation).
[W 20:21:38.289 NotebookApp] No web browser found: could not locate runnable browser.
[C 20:21:38.290 NotebookApp] 
    
    Copy/paste this URL into your browser when you connect for the first time,
    to login with a token:
        http://(ip-172-31-0-198 or 127.0.0.1):8889/?token=ad76dc30dea9a9d5a63adea79aad486da8d1fe7c46ea8934
[I 20:22:30.959 NotebookApp] 302 GET /?token=ad76dc30dea9a9d5a63adea79aad486da8d1fe7c46ea8934 (178.157.248.62) 0.56ms
[I 20:22:44.298 NotebookApp] Kernel started: 49fed231-afd1-40fc-a7c2-ec5b95d7af61
[I 20:22:44.750 NotebookApp] Adapting to protocol v5.1 for kernel 49fed231-afd1-40fc-a7c2-ec5b95d7af61
[I 20:24:53.691 NotebookApp] Saving file at /shareUtillities.py
[I 20:25:32.008 NotebookApp] Saving file at /shareUtillities.py
[I 20:26:45.570 NotebookApp] Saving file at /portfolio reporting.ipynb
[I 20:26:47.972 NotebookApp] Saving file at /shareUtillities.py
[I 20:28:44.807 NotebookApp] Saving file at /portfolio reporting.ipynb
[I 20:30:44.581 NotebookApp] Saving file at /portfolio reporting.ipynb
[I 20:32:44.591 NotebookApp] Saving file at /portfolio reporting.ipynb
[I 20:34:44.603 NotebookApp] Saving file at /portfolio reporting.ipynb
[I 20:36:44.583 NotebookApp] Saving file at /portfolio reporting.ipynb
[I 20:38:47.274 NotebookApp] Saving file at /portfolio reporting.ipynb
[I 20:40:47.353 NotebookApp] Saving file at /portfolio reporting.ipynb
[I 20:42:44.598 NotebookApp] Saving file at /portfolio reporting.ipynb
[I 20:46:44.610 NotebookApp] Saving file at /portfolio reporting.ipynb
[I 20:48:03.893 NotebookApp] Kernel started: 72cf25b6-0e30-404a-a69e-608eec46e7be
[I 20:48:04.378 NotebookApp] Adapting to protocol v5.1 for kernel 72cf25b6-0e30-404a-a69e-608eec46e7be
[I 20:50:44.781 NotebookApp] Saving file at /portfolio reporting.ipynb
[I 20:52:44.619 NotebookApp] Saving file at /portfolio reporting.ipynb
[I 20:54:44.624 NotebookApp] Saving file at /portfolio reporting.ipynb
[I 20:56:44.623 NotebookApp] Saving file at /portfolio reporting.ipynb
[I 20:58:45.649 NotebookApp] Saving file at /portfolio reporting.ipynb
[I 21:00:47.577 NotebookApp] Saving file at /portfolio reporting.ipynb
[I 21:02:44.653 NotebookApp] Saving file at /portfolio reporting.ipynb
[I 21:04:44.647 NotebookApp] Saving file at /portfolio reporting.ipynb
[I 21:06:44.652 NotebookApp] Saving file at /portfolio reporting.ipynb
[I 21:07:18.478 NotebookApp] Kernel interrupted: 49fed231-afd1-40fc-a7c2-ec5b95d7af61
[I 21:08:47.364 NotebookApp] Saving file at /portfolio reporting.ipynb
[I 21:10:53.461 NotebookApp] Saving file at /portfolio reporting.ipynb
[I 21:12:46.009 NotebookApp] Saving file at /portfolio reporting.ipynb
[I 21:14:44.687 NotebookApp] Saving file at /portfolio reporting.ipynb
[I 21:16:44.720 NotebookApp] Saving file at /portfolio reporting.ipynb
[I 21:18:44.779 NotebookApp] Saving file at /portfolio reporting.ipynb
[I 21:20:44.725 NotebookApp] Saving file at /portfolio reporting.ipynb
[I 21:22:44.707 NotebookApp] Saving file at /portfolio reporting.ipynb
[I 21:24:44.707 NotebookApp] Saving file at /portfolio reporting.ipynb
[I 21:26:45.930 NotebookApp] Saving file at /portfolio reporting.ipynb
[I 21:28:45.990 NotebookApp] Saving file at /portfolio reporting.ipynb
[I 21:30:47.005 NotebookApp] Saving file at /portfolio reporting.ipynb
[I 21:32:44.721 NotebookApp] Saving file at /portfolio reporting.ipynb
[I 21:34:44.761 NotebookApp] Saving file at /portfolio reporting.ipynb
[I 21:36:44.752 NotebookApp] Saving file at /portfolio reporting.ipynb
[I 21:38:44.745 NotebookApp] Saving file at /portfolio reporting.ipynb
[I 21:40:44.746 NotebookApp] Saving file at /portfolio reporting.ipynb
[I 21:42:44.754 NotebookApp] Saving file at /portfolio reporting.ipynb
[I 21:44:44.760 NotebookApp] Saving file at /portfolio reporting.ipynb
[I 21:46:44.792 NotebookApp] Saving file at /portfolio reporting.ipynb
[I 21:48:45.716 NotebookApp] Saving file at /portfolio reporting.ipynb
[I 21:50:44.772 NotebookApp] Saving file at /portfolio reporting.ipynb
[I 21:52:45.859 NotebookApp] Saving file at /portfolio reporting.ipynb
[I 21:54:50.323 NotebookApp] Saving file at /portfolio reporting.ipynb
[I 21:56:44.825 NotebookApp] Saving file at /portfolio reporting.ipynb
[I 21:59:13.593 NotebookApp] Saving file at /portfolio reporting.ipynb
[W 22:01:34.380 NotebookApp] WebSocket ping timeout after 119800 ms.
[I 22:01:39.382 NotebookApp] Starting buffering for 72cf25b6-0e30-404a-a69e-608eec46e7be:cbea89af72f64b609fa712c20275de12
[W 22:01:44.752 NotebookApp] WebSocket ping timeout after 119763 ms.
[I 22:01:49.753 NotebookApp] Starting buffering for 49fed231-afd1-40fc-a7c2-ec5b95d7af61:4b60895f8e6144ef8e4e587352275d76
